app/build/intermediates/manifest_merge_blame_file/debug/manifest-merger-blame-debug-report.txt
1<?xml version="1.0" encoding="utf-8"?>
2<manifest xmlns:android="http://schemas.android.com/apk/res/android"
3    package="com.example.kuhati"
4    android:versionCode="1"
5    android:versionName="1.0" >
6
7    <uses-sdk
8        android:minSdkVersion="19"
8-->src/main/AndroidManifest.xml
9        android:targetSdkVersion="29" />
9-->src/main/AndroidManifest.xml
10
11    <uses-permission android:name="android.permission.INTERNET" />
11-->src/main/AndroidManifest.xml:4:5-67
11-->src/main/AndroidManifest.xml:4:22-64
12    <uses-permission android:name="android.permission.ACCESS_NETWORK_STATE" />
12-->[com.google.firebase:firebase-database:16.0.4] AndroidManifest.xml:22:5-79
12-->[com.google.firebase:firebase-database:16.0.4] AndroidManifest.xml:22:22-76
13
14    <application
14-->src/main/AndroidManifest.xml:6:5-23:19
15        android:allowBackup="true"
15-->src/main/AndroidManifest.xml:7:9-35
16        android:appComponentFactory="androidx.core.app.CoreComponentFactory"
16-->[androidx.core:core:1.1.0] AndroidManifest.xml:24:18-86
17        android:debuggable="true"
18        android:icon="@drawable/logo_kuhati"
18-->src/main/AndroidManifest.xml:8:9-45
19        android:label="@string/app_name"
19-->src/main/AndroidManifest.xml:9:9-41
20        android:roundIcon="@mipmap/ic_launcher_round"
20-->src/main/AndroidManifest.xml:10:9-54
21        android:supportsRtl="true"
21-->src/main/AndroidManifest.xml:11:9-35
22        android:testOnly="true"
23        android:theme="@style/Theme.AppCompat.NoActionBar" >
23-->src/main/AndroidManifest.xml:12:9-59
24        <activity android:name="com.example.kuhati.Receta" />
24-->src/main/AndroidManifest.xml:13:9-53
24-->src/main/AndroidManifest.xml:13:19-41
25        <activity android:name="com.example.kuhati.buscar" />
25-->src/main/AndroidManifest.xml:14:9-44
25-->src/main/AndroidManifest.xml:14:19-41
26        <activity android:name="com.example.kuhati.registro" />
26-->src/main/AndroidManifest.xml:15:9-46
26-->src/main/AndroidManifest.xml:15:19-43
27        <activity android:name="com.example.kuhati.MainActivity" >
27-->src/main/AndroidManifest.xml:16:9-22:20
27-->src/main/AndroidManifest.xml:16:19-47
28            <intent-filter>
28-->src/main/AndroidManifest.xml:17:13-21:29
29                <action android:name="android.intent.action.MAIN" />
29-->src/main/AndroidManifest.xml:18:17-69
29-->src/main/AndroidManifest.xml:18:25-66
30
31                <category android:name="android.intent.category.LAUNCHER" />
31-->src/main/AndroidManifest.xml:20:17-77
31-->src/main/AndroidManifest.xml:20:27-74
32            </intent-filter>
33        </activity>
34
35        <provider
35-->[com.squareup.picasso:picasso:2.71828] AndroidManifest.xml:8:9-11:40
36            android:name="com.squareup.picasso.PicassoProvider"
36-->[com.squareup.picasso:picasso:2.71828] AndroidManifest.xml:9:13-64
37            android:authorities="com.example.kuhati.com.squareup.picasso"
37-->[com.squareup.picasso:picasso:2.71828] AndroidManifest.xml:10:13-72
38            android:exported="false" />
38-->[com.squareup.picasso:picasso:2.71828] AndroidManifest.xml:11:13-37
39
40        <activity
40-->[com.google.android.gms:play-services-base:16.0.1] AndroidManifest.xml:23:9-26:75
41            android:name="com.google.android.gms.common.api.GoogleApiActivity"
41-->[com.google.android.gms:play-services-base:16.0.1] AndroidManifest.xml:24:13-79
42            android:exported="false"
42-->[com.google.android.gms:play-services-base:16.0.1] AndroidManifest.xml:25:13-37
43            android:theme="@android:style/Theme.Translucent.NoTitleBar" />
43-->[com.google.android.gms:play-services-base:16.0.1] AndroidManifest.xml:26:13-72
44
45        <provider
45-->[com.google.firebase:firebase-common:16.0.3] AndroidManifest.xml:10:9-14:39
46            android:name="com.google.firebase.provider.FirebaseInitProvider"
46-->[com.google.firebase:firebase-common:16.0.3] AndroidManifest.xml:11:13-77
47            android:authorities="com.example.kuhati.firebaseinitprovider"
47-->[com.google.firebase:firebase-common:16.0.3] AndroidManifest.xml:12:13-72
48            android:exported="false"
48-->[com.google.firebase:firebase-common:16.0.3] AndroidManifest.xml:13:13-37
49            android:initOrder="100" />
49-->[com.google.firebase:firebase-common:16.0.3] AndroidManifest.xml:14:13-36
50
51        <meta-data
51-->[com.google.android.gms:play-services-basement:16.0.1] AndroidManifest.xml:23:9-25:69
52            android:name="com.google.android.gms.version"
52-->[com.google.android.gms:play-services-basement:16.0.1] AndroidManifest.xml:24:13-58
53            android:value="@integer/google_play_services_version" />
53-->[com.google.android.gms:play-services-basement:16.0.1] AndroidManifest.xml:25:13-66
54    </application>
55
56</manifest>